2014-01-12 13:08:20.209 Ocupado[1010:a0b] Multi-tasking -> Device: YES, App: YES
2014-01-12 13:08:20.222 Ocupado[1010:a0b] Unlimited access to network resources
2014-01-12 13:08:20.373 Ocupado[1010:a0b] Resetting plugins due to page load.
2014-01-12 13:08:20.976 Ocupado[1010:a0b] Finished load of: file:///Users/richgilbank/Library/Application%20Support/iPhone%20Simulator/7.0/Applications/FA6EE147-D5A7-4B63-9589-7DC65A512A74/Ocupado.app/www/index.html
2014-01-12 13:10:17.576 Ocupado[2183:a0b] Multi-tasking -> Device: YES, App: YES
2014-01-12 13:10:17.582 Ocupado[2183:a0b] Unlimited access to network resources
2014-01-12 13:10:17.725 Ocupado[2183:a0b] Resetting plugins due to page load.
2014-01-12 13:10:18.297 Ocupado[2183:a0b] Finished load of: file:///Users/richgilbank/Library/Application%20Support/iPhone%20Simulator/7.0/Applications/FA6EE147-D5A7-4B63-9589-7DC65A512A74/Ocupado.app/www/index.html
2014-01-12 13:12:22.190 Ocupado[2907:a0b] Multi-tasking -> Device: YES, App: YES
2014-01-12 13:12:22.195 Ocupado[2907:a0b] Unlimited access to network resources
2014-01-12 13:12:22.312 Ocupado[2907:a0b] Resetting plugins due to page load.
2014-01-12 13:12:25.668 Ocupado[2907:a0b] Finished load of: file:///Users/richgilbank/Library/Application%20Support/iPhone%20Simulator/7.0/Applications/FA6EE147-D5A7-4B63-9589-7DC65A512A74/Ocupado.app/www/index.html
2014-01-12 13:29:54.796 Ocupado[3312:a0b] Multi-tasking -> Device: YES, App: YES
2014-01-12 13:29:54.802 Ocupado[3312:a0b] Unlimited access to network resources
2014-01-12 13:29:54.941 Ocupado[3312:a0b] Resetting plugins due to page load.
2014-01-12 13:29:56.003 Ocupado[3312:a0b] Finished load of: file:///Users/richgilbank/Library/Application%20Support/iPhone%20Simulator/7.0/Applications/FA6EE147-D5A7-4B63-9589-7DC65A512A74/Ocupado.app/www/index.html
2014-01-12 13:31:27.592 Ocupado[3685:a0b] Multi-tasking -> Device: YES, App: YES
2014-01-12 13:31:27.600 Ocupado[3685:a0b] Unlimited access to network resources
2014-01-12 13:31:27.735 Ocupado[3685:a0b] Resetting plugins due to page load.
2014-01-12 13:31:28.283 Ocupado[3685:a0b] Finished load of: file:///Users/richgilbank/Library/Application%20Support/iPhone%20Simulator/7.0/Applications/FA6EE147-D5A7-4B63-9589-7DC65A512A74/Ocupado.app/www/index.html
2014-01-12 13:31:42.429 Ocupado[4040:a0b] Multi-tasking -> Device: YES, App: YES
2014-01-12 13:31:42.439 Ocupado[4040:a0b] Unlimited access to network resources
2014-01-12 13:31:42.561 Ocupado[4040:a0b] Resetting plugins due to page load.
2014-01-12 13:31:43.514 Ocupado[4040:a0b] Finished load of: file:///Users/richgilbank/Library/Application%20Support/iPhone%20Simulator/7.0/Applications/FA6EE147-D5A7-4B63-9589-7DC65A512A74/Ocupado.app/www/index.html
2014-01-12 18:10:05.960 Ocupado[14173:a0b] Multi-tasking -> Device: YES, App: YES
2014-01-12 18:10:05.972 Ocupado[14173:a0b] Unlimited access to network resources
2014-01-12 18:10:06.069 Ocupado[14173:a0b] Resetting plugins due to page load.
2014-01-12 18:10:07.286 Ocupado[14173:a0b] Finished load of: file:///Users/richgilbank/Library/Application%20Support/iPhone%20Simulator/7.0/Applications/FA6EE147-D5A7-4B63-9589-7DC65A512A74/Ocupado.app/www/index.html
2014-01-12 18:10:16.291 Ocupado[14173:a0b] Resetting plugins due to page load.
2014-01-12 18:10:16.988 Ocupado[14173:a0b] Finished load of: https://accounts.google.com/ServiceLogin?service=lso&passive=1209600&continue=https://accounts.google.com/o/oauth2/auth?scope%3Dhttps://www.googleapis.com/auth/calendar%26response_type%3Dcode%26redirect_uri%3Dhttp://localhost%26client_id%3D65475530667-fliq4pdj73bdk1tenuq59dak5v2isic5.apps.googleusercontent.com%26hl%3Den-GB%26from_login%3D1%26as%3D-512c96174c563e71&ltmpl=embedded&shdf=CocBCxIRdGhpcmRQYXJ0eUxvZ29VcmwaAAwLEhV0aGlyZFBhcnR5RGlzcGxheU5hbWUaDkJyZWFrb3V0IEJvYXJkDAsSBmRvbWFpbhoOQnJlYWtvdXQgQm9hcmQMCxIVdGhpcmRQYXJ0eURpc3BsYXlUeXBlGhJOQVRJVkVfQVBQTElDQVRJT04MEgNsc28iFNJowQJa7Qm-YwY_ypPBIPYVAq1vKAEyFNG6eAghmlhcBZ_EWl0WLpwAACEe&sarp=1&scc=1
2014-01-12 18:14:21.194 Ocupado[14552:a0b] Multi-tasking -> Device: YES, App: YES
2014-01-12 18:14:21.201 Ocupado[14552:a0b] Unlimited access to network resources
2014-01-12 18:14:21.353 Ocupado[14552:a0b] Resetting plugins due to page load.
2014-01-12 18:14:21.884 Ocupado[14552:a0b] Finished load of: file:///Users/richgilbank/Library/Application%20Support/iPhone%20Simulator/7.0/Applications/FA6EE147-D5A7-4B63-9589-7DC65A512A74/Ocupado.app/www/index.html
2014-01-12 18:14:23.702 Ocupado[14552:a0b] Resetting plugins due to page load.
2014-01-12 18:14:24.325 Ocupado[14552:a0b] Finished load of: https://accounts.google.com/ServiceLogin?service=lso&passive=1209600&continue=https://accounts.google.com/o/oauth2/auth?scope%3Dhttps://www.googleapis.com/auth/calendar%26response_type%3Dcode%26redirect_uri%3Dhttp://localhost%26client_id%3D65475530667-fliq4pdj73bdk1tenuq59dak5v2isic5.apps.googleusercontent.com%26hl%3Den-GB%26from_login%3D1%26as%3Db4db77b5d460000&ltmpl=embedded&shdf=CocBCxIRdGhpcmRQYXJ0eUxvZ29VcmwaAAwLEhV0aGlyZFBhcnR5RGlzcGxheU5hbWUaDkJyZWFrb3V0IEJvYXJkDAsSBmRvbWFpbhoOQnJlYWtvdXQgQm9hcmQMCxIVdGhpcmRQYXJ0eURpc3BsYXlUeXBlGhJOQVRJVkVfQVBQTElDQVRJT04MEgNsc28iFNG3vsbt6NRx_STcJdK9QFtiozEsKAEyFPKByCgUQ3mcS6RdlDLALLmOv1kv&sarp=1&scc=1
2014-01-12 18:16:58.164 Ocupado[14970:a0b] Multi-tasking -> Device: YES, App: YES
2014-01-12 18:16:58.170 Ocupado[14970:a0b] Unlimited access to network resources
2014-01-12 18:16:58.285 Ocupado[14970:a0b] Resetting plugins due to page load.
2014-01-12 18:16:58.837 Ocupado[14970:a0b] Finished load of: file:///Users/richgilbank/Library/Application%20Support/iPhone%20Simulator/7.0/Applications/FA6EE147-D5A7-4B63-9589-7DC65A512A74/Ocupado.app/www/index.html
2014-01-13 18:05:24.588 Ocupado[27135:a0b] Multi-tasking -> Device: YES, App: YES
2014-01-13 18:05:24.628 Ocupado[27135:a0b] Unlimited access to network resources
2014-01-13 18:05:25.001 Ocupado[27135:a0b] Resetting plugins due to page load.
2014-01-13 18:05:25.470 Ocupado[27135:a0b] Finished load of: file:///Users/richgilbank/Library/Application%20Support/iPhone%20Simulator/7.0/Applications/FA6EE147-D5A7-4B63-9589-7DC65A512A74/Ocupado.app/www/index.html
